<?xml version="1.0" encoding="UTF-8"?>
<testsuite xmlns:xsi="http://www.w3.org/2001/XMLSchema-instance" xsi:noNamespaceSchemaLocation="https://maven.apache.org/surefire/maven-surefire-plugin/xsd/surefire-test-report-3.0.xsd" version="3.0" name="uk.ac.ed.inf.OrderValidatorTest" time="0.083" tests="10" errors="0" skipped="0" failures="0">
  <properties>
    <property name="java.specification.version" value="18"/>
    <property name="sun.jnu.encoding" value="UTF-8"/>
    <property name="java.class.path" value="/Users/joshgregory/Downloads/IntelliJ/ILPCode/target/test-classes:/Users/joshgregory/Downloads/IntelliJ/ILPCode/target/classes:/Users/joshgregory/.m2/repository/junit/junit/4.13.2/junit-4.13.2.jar:/Users/joshgregory/.m2/repository/org/hamcrest/hamcrest-core/1.3/hamcrest-core-1.3.jar:/Users/joshgregory/.m2/repository/com/fasterxml/jackson/core/jackson-databind/2.15.2/jackson-databind-2.15.2.jar:/Users/joshgregory/.m2/repository/com/fasterxml/jackson/core/jackson-annotations/2.15.2/jackson-annotations-2.15.2.jar:/Users/joshgregory/.m2/repository/com/fasterxml/jackson/core/jackson-core/2.15.2/jackson-core-2.15.2.jar:/Users/joshgregory/.m2/repository/com/fasterxml/jackson/datatype/jackson-datatype-jsr310/2.15.2/jackson-datatype-jsr310-2.15.2.jar:/Users/joshgregory/.m2/repository/uk/ac/ed/inf/IlpDataObjects/1.0/IlpDataObjects-1.0.jar:"/>
    <property name="java.vm.vendor" value="Oracle Corporation"/>
    <property name="sun.arch.data.model" value="64"/>
    <property name="java.vendor.url" value="https://java.oracle.com/"/>
    <property name="os.name" value="Mac OS X"/>
    <property name="java.vm.specification.version" value="18"/>
    <property name="sun.java.launcher" value="SUN_STANDARD"/>
    <property name="user.country" value="GB"/>
    <property name="sun.boot.library.path" value="/Users/joshgregory/Downloads/jdk-18.0.2.jdk/Contents/Home/lib"/>
    <property name="sun.java.command" value="/Users/joshgregory/Downloads/IntelliJ/ILPCode/target/surefire/surefirebooter-20231201105619762_3.jar /Users/joshgregory/Downloads/IntelliJ/ILPCode/target/surefire 2023-12-01T10-56-19_477-jvmRun1 surefire-20231201105619762_1tmp surefire_0-20231201105619762_2tmp"/>
    <property name="http.nonProxyHosts" value="local|*.local|169.254/16|*.169.254/16"/>
    <property name="jdk.debug" value="release"/>
    <property name="surefire.test.class.path" value="/Users/joshgregory/Downloads/IntelliJ/ILPCode/target/test-classes:/Users/joshgregory/Downloads/IntelliJ/ILPCode/target/classes:/Users/joshgregory/.m2/repository/junit/junit/4.13.2/junit-4.13.2.jar:/Users/joshgregory/.m2/repository/org/hamcrest/hamcrest-core/1.3/hamcrest-core-1.3.jar:/Users/joshgregory/.m2/repository/com/fasterxml/jackson/core/jackson-databind/2.15.2/jackson-databind-2.15.2.jar:/Users/joshgregory/.m2/repository/com/fasterxml/jackson/core/jackson-annotations/2.15.2/jackson-annotations-2.15.2.jar:/Users/joshgregory/.m2/repository/com/fasterxml/jackson/core/jackson-core/2.15.2/jackson-core-2.15.2.jar:/Users/joshgregory/.m2/repository/com/fasterxml/jackson/datatype/jackson-datatype-jsr310/2.15.2/jackson-datatype-jsr310-2.15.2.jar:/Users/joshgregory/.m2/repository/uk/ac/ed/inf/IlpDataObjects/1.0/IlpDataObjects-1.0.jar:"/>
    <property name="sun.cpu.endian" value="little"/>
    <property name="user.home" value="/Users/joshgregory"/>
    <property name="user.language" value="en"/>
    <property name="java.specification.vendor" value="Oracle Corporation"/>
    <property name="java.version.date" value="2022-07-19"/>
    <property name="java.home" value="/Users/joshgregory/Downloads/jdk-18.0.2.jdk/Contents/Home"/>
    <property name="file.separator" value="/"/>
    <property name="basedir" value="/Users/joshgregory/Downloads/IntelliJ/ILPCode"/>
    <property name="java.vm.compressedOopsMode" value="Zero based"/>
    <property name="line.separator" value="&#10;"/>
    <property name="java.vm.specification.vendor" value="Oracle Corporation"/>
    <property name="java.specification.name" value="Java Platform API Specification"/>
    <property name="apple.awt.application.name" value="ForkedBooter"/>
    <property name="surefire.real.class.path" value="/Users/joshgregory/Downloads/IntelliJ/ILPCode/target/surefire/surefirebooter-20231201105619762_3.jar"/>
    <property name="sun.management.compiler" value="HotSpot 64-Bit Tiered Compilers"/>
    <property name="ftp.nonProxyHosts" value="local|*.local|169.254/16|*.169.254/16"/>
    <property name="java.runtime.version" value="18.0.2+9-61"/>
    <property name="user.name" value="joshgregory"/>
    <property name="path.separator" value=":"/>
    <property name="os.version" value="13.3.1"/>
    <property name="java.runtime.name" value="OpenJDK Runtime Environment"/>
    <property name="file.encoding" value="UTF-8"/>
    <property name="java.vm.name" value="OpenJDK 64-Bit Server VM"/>
    <property name="localRepository" value="/Users/joshgregory/.m2/repository"/>
    <property name="java.vendor.url.bug" value="https://bugreport.java.com/bugreport/"/>
    <property name="java.io.tmpdir" value="/var/folders/0t/j5wxbh8n4kb1w_sn0sw7mtvw0000gn/T/"/>
    <property name="idea.version" value="2023.2.3"/>
    <property name="java.version" value="18.0.2"/>
    <property name="user.dir" value="/Users/joshgregory/Downloads/IntelliJ/ILPCode"/>
    <property name="os.arch" value="x86_64"/>
    <property name="java.vm.specification.name" value="Java Virtual Machine Specification"/>
    <property name="native.encoding" value="UTF-8"/>
    <property name="java.library.path" value="/Users/joshgregory/Library/Java/Extensions:/Library/Java/Extensions:/Network/Library/Java/Extensions:/System/Library/Java/Extensions:/usr/lib/java:."/>
    <property name="java.vm.info" value="mixed mode, sharing"/>
    <property name="java.vendor" value="Oracle Corporation"/>
    <property name="java.vm.version" value="18.0.2+9-61"/>
    <property name="sun.io.unicode.encoding" value="UnicodeBig"/>
    <property name="socksNonProxyHosts" value="local|*.local|169.254/16|*.169.254/16"/>
    <property name="java.class.version" value="62.0"/>
  </properties>
  <testcase name="expiryDateTest" classname="uk.ac.ed.inf.OrderValidatorTest" time="0.026"/>
  <testcase name="cardNumberTest" classname="uk.ac.ed.inf.OrderValidatorTest" time="0.001"/>
  <testcase name="totalPriceTest" classname="uk.ac.ed.inf.OrderValidatorTest" time="0"/>
  <testcase name="pizzaDefinedTest" classname="uk.ac.ed.inf.OrderValidatorTest" time="0"/>
  <testcase name="expiryDateTest2" classname="uk.ac.ed.inf.OrderValidatorTest" time="0"/>
  <testcase name="cardNumberTest2" classname="uk.ac.ed.inf.OrderValidatorTest" time="0"/>
  <testcase name="cardNumberTest3" classname="uk.ac.ed.inf.OrderValidatorTest" time="0.001"/>
  <testcase name="cardNumberTest4" classname="uk.ac.ed.inf.OrderValidatorTest" time="0"/>
  <testcase name="cardNumberTest5" classname="uk.ac.ed.inf.OrderValidatorTest" time="0"/>
  <testcase name="cvvTest" classname="uk.ac.ed.inf.OrderValidatorTest" time="0"/>
</testsuite>